<?xml version="1.0" encoding="UTF-8"?>
<testsuite xmlns:xsi="http://www.w3.org/2001/XMLSchema-instance" xsi:noNamespaceSchemaLocation="https://maven.apache.org/surefire/maven-surefire-plugin/xsd/surefire-test-report.xsd" name="io.github.foreverstr.test.MySQLJormTest" time="0.276" tests="5" errors="0" skipped="0" failures="0">
  <properties>
[...]
</properties>
  <testcase name="testJormSession" classname="io.github.foreverstr.test.MySQLJormTest" time="0.099"/>
  <testcase name="testSaveAndFind" classname="io.github.foreverstr.test.MySQLJormTest" time="0.033"/>
  <testcase name="testDelete" classname="io.github.foreverstr.test.MySQLJormTest" time="0.053"/>
  <testcase name="testUpdate" classname="io.github.foreverstr.test.MySQLJormTest" time="0.041"/>
  <testcase name="testAggregationField" classname="io.github.foreverstr.test.MySQLJormTest" time="0.047"/>
</testsuite>